# step stress 
# step stress 
# step stress 
100 4.04300682575644e+16
200 4.04300682575644e+16
300 4.04300682575644e+16
400 4.04300682575644e+16
500 4.04300682575644e+16
600 4.04300682575644e+16
700 4.04300682575644e+16
800 4.04300682575644e+16
900 4.04300682575644e+16
1000 4.04300682575644e+16
1100 4.04300682575644e+16
1200 4.04300682575644e+16
1300 4.04300682575644e+16
1400 4.04300682575644e+16
1500 4.04300682575644e+16
1600 4.04300682575644e+16
1700 4.04300682575644e+16
1800 4.04300682575644e+16
1900 4.04300682575644e+16
2000 4.04300682575644e+16
2100 4.04300682575644e+16
2200 4.04300682575644e+16
2300 4.04300682575644e+16
2400 4.04300682575644e+16
2500 4.04300682575644e+16
2600 4.04300682575644e+16
2700 4.04300682575644e+16
2800 4.04300682575644e+16
2900 4.04300682575644e+16
3000 4.04300682575644e+16
3100 4.04300682575644e+16
3200 4.04300682575644e+16
3300 4.04300682575644e+16
3400 4.04300682575644e+16
3500 4.04300682575644e+16
3600 4.04300682575644e+16
3700 4.04300682575644e+16
3800 4.04300682575644e+16
3900 4.04300682575644e+16
4000 4.04300682575644e+16
4100 4.04300682575644e+16
4200 4.04300682575644e+16
4300 4.04300682575644e+16
4400 4.04300682575644e+16
4500 4.04300682575644e+16
4600 4.04300682575644e+16
4700 4.04300682575644e+16
4800 4.04300682575644e+16
4900 4.04300682575644e+16
5000 4.04300682575644e+16
# step stress 
100 4.04300682575644e+16
200 4.04300682575644e+16
300 4.04300682575644e+16
400 4.04300682575644e+16
500 4.04300682575644e+16
600 4.04300682575644e+16
700 4.04300682575644e+16
800 4.04300682575644e+16
900 4.04300682575644e+16
1000 4.04300682575644e+16
1100 4.04300682575644e+16
1200 4.04300682575644e+16
1300 4.04300682575644e+16
1400 4.04300682575644e+16
1500 4.04300682575644e+16
1600 4.04300682575644e+16
1700 4.04300682575644e+16
1800 4.04300682575644e+16
1900 4.04300682575644e+16
2000 4.04300682575644e+16
2100 4.04300682575644e+16
2200 4.04300682575644e+16
2300 4.04300682575644e+16
2400 4.04300682575644e+16
# step stress 
100 4.04300682575644e+16
200 4.04300682575644e+16
300 4.04300682575644e+16
400 4.04300682575644e+16
500 4.04300682575644e+16
600 4.04300682575644e+16
700 4.04300682575644e+16
800 4.04300682575644e+16
900 4.04300682575644e+16
1000 4.04300682575644e+16
1100 4.04300682575644e+16
1200 4.04300682575644e+16
1300 4.04300682575644e+16
1400 4.04300682575644e+16
1500 4.04300682575644e+16
1600 4.04300682575644e+16
1700 4.04300682575644e+16
1800 4.04300682575644e+16
# step stress 
100 4.04300682575644e+16
200 4.04300682575644e+16
300 4.04300682575644e+16
400 4.04300682575644e+16
# step stress 
100 4.04300682575644e+16
200 4.04300682575644e+16
# step stress 
100 4.04300682575644e+16
200 4.04300682575644e+16
300 4.04300682575644e+16
400 4.04300682575644e+16
500 4.04300682575644e+16
600 4.04300682575644e+16
# step stress 
0 4.04300682575644e+16
100 4.04300682575644e+16
200 4.04300682575644e+16
300 4.04300682575644e+16
400 4.04300682575644e+16
500 4.04300682575644e+16
600 4.04300682575644e+16
700 4.04300682575644e+16
800 4.04300682575644e+16
900 4.04300682575644e+16
1000 4.04300682575644e+16
1100 4.04300682575644e+16
# step stress 
0 4.04300682575644e+16
100 4.04300682575644e+16
200 4.04300682575644e+16
300 4.04300682575644e+16
400 4.04300682575644e+16
500 4.04300682575644e+16
600 4.04300682575644e+16
700 4.04300682575644e+16
800 4.04300682575644e+16
900 4.04300682575644e+16
1000 4.04300682575644e+16
1100 4.04300682575644e+16
1200 4.04300682575644e+16
1300 4.04300682575644e+16
1400 4.04300682575644e+16
1500 4.04300682575644e+16
1600 4.04300682575644e+16
# step stress 
0 4.04300682575644e+16
100 4.04300682575644e+16
200 4.04300682575644e+16
300 4.04300682575644e+16
400 4.04300682575644e+16
500 4.04300682575644e+16
600 4.04300682575644e+16
700 4.04300682575644e+16
800 4.04300682575644e+16
900 4.04300682575644e+16
1000 4.04300682575644e+16
# step stress 
0 4.04300682575644e+16
100 4.04300682575644e+16
200 4.04300682575644e+16
300 4.04300682575644e+16
400 4.04300682575644e+16
500 4.04300682575644e+16
600 4.04300682575644e+16
700 4.04300682575644e+16
800 4.04300682575644e+16
900 4.04300682575644e+16
# step stress 
0 4.04300682575644e+16
100 4.04300682575644e+16
200 4.04300682575644e+16
300 4.04300682575644e+16
400 4.04300682575644e+16
500 4.04300682575644e+16
600 4.04300682575644e+16
700 4.04300682575644e+16
800 4.04300682575644e+16
900 4.04300682575644e+16
1000 4.04300682575644e+16
1100 4.04300682575644e+16
1200 4.04300682575644e+16
1300 4.04300682575644e+16
1400 4.04300682575644e+16
1500 4.04300682575644e+16
1600 4.04300682575644e+16
1700 4.04300682575644e+16
1800 4.04300682575644e+16
1900 4.04300682575644e+16
2000 4.04300682575644e+16
2100 4.04300682575644e+16
2200 4.04300682575644e+16
2300 4.04300682575644e+16
2400 4.04300682575644e+16
2500 4.04300682575644e+16
2600 4.04300682575644e+16
2700 4.04300682575644e+16
2800 4.04300682575644e+16
2900 4.04300682575644e+16
3000 4.04300682575644e+16
3100 4.04300682575644e+16
3200 4.04300682575644e+16
3300 4.04300682575644e+16
3400 4.04300682575644e+16
3500 4.04300682575644e+16
3600 4.04300682575644e+16
3700 4.04300682575644e+16
3800 4.04300682575644e+16
3900 4.04300682575644e+16
4000 4.04300682575644e+16
4100 4.04300682575644e+16
4200 4.04300682575644e+16
4300 4.04300682575644e+16
4400 4.04300682575644e+16
# step stress 
0 4.04300682575644e+16
100 4.04300682575644e+16
200 4.04300682575644e+16
300 4.04300682575644e+16
400 4.04300682575644e+16
500 4.04300682575644e+16
600 4.04300682575644e+16
700 4.04300682575644e+16
800 4.04300682575644e+16
900 4.04300682575644e+16
1000 4.04300682575644e+16
1100 4.04300682575644e+16
1200 4.04300682575644e+16
1300 4.04300682575644e+16
1400 4.04300682575644e+16
1500 4.04300682575644e+16
1600 4.04300682575644e+16
1700 4.04300682575644e+16
1800 4.04300682575644e+16
1900 4.04300682575644e+16
2000 4.04300682575644e+16
2100 4.04300682575644e+16
2200 4.04300682575644e+16
2300 4.04300682575644e+16
2400 4.04300682575644e+16
2500 4.04300682575644e+16
2600 4.04300682575644e+16
2700 4.04300682575644e+16
2800 4.04300682575644e+16
2900 4.04300682575644e+16
3000 4.04300682575644e+16
3100 4.04300682575644e+16
3200 4.04300682575644e+16
3300 4.04300682575644e+16
3400 4.04300682575644e+16
3500 4.04300682575644e+16
3600 4.04300682575644e+16
3700 4.04300682575644e+16
3800 4.04300682575644e+16
3900 4.04300682575644e+16
4000 4.04300682575644e+16
4100 4.04300682575644e+16
4200 4.04300682575644e+16
4300 4.04300682575644e+16
4400 4.04300682575644e+16
4500 4.04300682575644e+16
4600 4.04300682575644e+16
4700 4.04300682575644e+16
4800 4.04300682575644e+16
4900 4.04300682575644e+16
5000 4.04300682575644e+16
# step stress 
# step stress 
# step stress 
# step stress 
0 -1104.64498921562
100 -1104.64498921562
200 -1104.64498921562
300 -1104.64498921562
400 -1104.64498921562
500 -1104.64498921562
600 -1104.64498921562
700 -1104.64498921562
800 -1104.64498921562
900 -1104.64498921562
1000 -1104.64498921562
1100 -1104.64498921562
1200 -1104.64498921562
1300 -1104.64498921562
1400 -1104.64498921562
1500 -1104.64498921562
1600 -1104.64498921562
1700 -1104.64498921562
1800 -1104.64498921562
1900 -1104.64498921562
2000 -1104.64498921562
2100 -1104.64498921562
2200 -1104.64498921562
2300 -1104.64498921562
2400 -1104.64498921562
2500 -1104.64498921562
2600 -1104.64498921562
2700 -1104.64498921562
2800 -1104.64498921562
2900 -1104.64498921562
3000 -1104.64498921562
3100 -1104.64498921562
3200 -1104.64498921562
3300 -1104.64498921562
3400 -1104.64498921562
3500 -1104.64498921562
3600 -1104.64498921562
3700 -1104.64498921562
3800 -1104.64498921562
3900 -1104.64498921562
4000 -1104.64498921562
4100 -1104.64498921562
4200 -1104.64498921562
4300 -1104.64498921562
4400 -1104.64498921562
4500 -1104.64498921562
4600 -1104.64498921562
4700 -1104.64498921562
4800 -1104.64498921562
4900 -1104.64498921562
5000 -1104.64498921562
# step stress 
# step stress 
0 -1104.64498921562
100 -1104.64498921562
200 -1104.64498921562
300 -1104.64498921562
400 -1104.64498921562
500 -1104.64498921562
600 -1104.64498921562
700 -1104.64498921562
800 -1104.64498921562
900 -1104.64498921562
1000 -1104.64498921562
1100 -1104.64498921562
1200 -1104.64498921562
1300 -1104.64498921562
1400 -1104.64498921562
1500 -1104.64498921562
1600 -1104.64498921562
1700 -1104.64498921562
1800 -1104.64498921562
1900 -1104.64498921562
2000 -1104.64498921562
2100 -1104.64498921562
2200 -1104.64498921562
2300 -1104.64498921562
2400 -1104.64498921562
2500 -1104.64498921562
2600 -1104.64498921562
2700 -1104.64498921562
2800 -1104.64498921562
2900 -1104.64498921562
3000 -1104.64498921562
3100 -1104.64498921562
3200 -1104.64498921562
3300 -1104.64498921562
3400 -1104.64498921562
3500 -1104.64498921562
3600 -1104.64498921562
3700 -1104.64498921562
3800 -1104.64498921562
3900 -1104.64498921562
4000 -1104.64498921562
4100 -1104.64498921562
4200 -1104.64498921562
4300 -1104.64498921562
4400 -1104.64498921562
4500 -1104.64498921562
4600 -1104.64498921562
4700 -1104.64498921562
4800 -1104.64498921562
4900 -1104.64498921562
5000 -1104.64498921562
# step stress 
5000 -3819.55725519632
5100 -3819.55725519632
5200 -3819.55725519632
5300 -3819.55725519632
5400 -3819.55725519632
5500 -3819.55725519632
5600 -3819.55725519632
5700 -3819.55725519632
5800 -3819.55725519632
5900 -3819.55725519632
6000 -3819.55725519632
6100 -3819.55725519632
6200 -3819.55725519632
6300 -3819.55725519632
6400 -3819.55725519632
6500 -3819.55725519632
6600 -3819.55725519632
6700 -3819.55725519632
6800 -3819.55725519632
6900 -3819.55725519632
7000 -3819.55725519632
7100 -3819.55725519632
7200 -3819.55725519632
7300 -3819.55725519632
7400 -3819.55725519632
7500 -3819.55725519632
7600 -3819.55725519632
7700 -3819.55725519632
7800 -3819.55725519632
7900 -3819.55725519632
8000 -3819.55725519632
8100 -3819.55725519632
8200 -3819.55725519632
8300 -3819.55725519632
8400 -3819.55725519632
8500 -3819.55725519632
8600 -3819.55725519632
8700 -3819.55725519632
8800 -3819.55725519632
8900 -3819.55725519632
9000 -3819.55725519632
9100 -3819.55725519632
9200 -3819.55725519632
9300 -3819.55725519632
9400 -3819.55725519632
9500 -3819.55725519632
9600 -3819.55725519632
9700 -3819.55725519632
9800 -3819.55725519632
9900 -3819.55725519632
10000 -3819.55725519632
# step stress 
10000 -6488.51545052189
10100 -6488.51545052189
10200 -6488.51545052189
10300 -6488.51545052189
10400 -6488.51545052189
10500 -6488.51545052189
10600 -6488.51545052189
10700 -6488.51545052189
10800 -6488.51545052189
10900 -6488.51545052189
11000 -6488.51545052189
11100 -6488.51545052189
11200 -6488.51545052189
11300 -6488.51545052189
11400 -6488.51545052189
11500 -6488.51545052189
11600 -6488.51545052189
11700 -6488.51545052189
11800 -6488.51545052189
11900 -6488.51545052189
12000 -6488.51545052189
12100 -6488.51545052189
12200 -6488.51545052189
12300 -6488.51545052189
12400 -6488.51545052189
12500 -6488.51545052189
12600 -6488.51545052189
12700 -6488.51545052189
12800 -6488.51545052189
12900 -6488.51545052189
13000 -6488.51545052189
13100 -6488.51545052189
13200 -6488.51545052189
13300 -6488.51545052189
13400 -6488.51545052189
13500 -6488.51545052189
13600 -6488.51545052189
13700 -6488.51545052189
13800 -6488.51545052189
13900 -6488.51545052189
14000 -6488.51545052189
14100 -6488.51545052189
14200 -6488.51545052189
14300 -6488.51545052189
14400 -6488.51545052189
14500 -6488.51545052189
14600 -6488.51545052189
14700 -6488.51545052189
14800 -6488.51545052189
14900 -6488.51545052189
15000 -6488.51545052189
# step stress 
15000 -9112.33760617584
15100 -9112.33760617584
15200 -9112.33760617584
15300 -9112.33760617584
15400 -9112.33760617584
15500 -9112.33760617584
15600 -9112.33760617584
15700 -9112.33760617584
15800 -9112.33760617584
15900 -9112.33760617584
16000 -9112.33760617584
16100 -9112.33760617584
16200 -9112.33760617584
16300 -9112.33760617584
16400 -9112.33760617584
16500 -9112.33760617584
16600 -9112.33760617584
16700 -9112.33760617584
16800 -9112.33760617584
16900 -9112.33760617584
17000 -9112.33760617584
17100 -9112.33760617584
17200 -9112.33760617584
17300 -9112.33760617584
17400 -9112.33760617584
17500 -9112.33760617584
17600 -9112.33760617584
17700 -9112.33760617584
17800 -9112.33760617584
17900 -9112.33760617584
18000 -9112.33760617584
18100 -9112.33760617584
18200 -9112.33760617584
18300 -9112.33760617584
18400 -9112.33760617584
18500 -9112.33760617584
18600 -9112.33760617584
18700 -9112.33760617584
18800 -9112.33760617584
18900 -9112.33760617584
19000 -9112.33760617584
19100 -9112.33760617584
19200 -9112.33760617584
19300 -9112.33760617584
19400 -9112.33760617584
19500 -9112.33760617584
19600 -9112.33760617584
19700 -9112.33760617584
19800 -9112.33760617584
19900 -9112.33760617584
20000 -9112.33760617584
# step stress 
20000 -11691.8406238853
20100 -11691.8406238853
20200 -11691.8406238853
20300 -11691.8406238853
20400 -11691.8406238853
20500 -11691.8406238853
20600 -11691.8406238853
20700 -11691.8406238853
20800 -11691.8406238853
20900 -11691.8406238853
21000 -11691.8406238853
21100 -11691.8406238853
21200 -11691.8406238853
21300 -11691.8406238853
21400 -11691.8406238853
21500 -11691.8406238853
21600 -11691.8406238853
21700 -11691.8406238853
21800 -11691.8406238853
21900 -11691.8406238853
22000 -11691.8406238853
22100 -11691.8406238853
22200 -11691.8406238853
22300 -11691.8406238853
22400 -11691.8406238853
22500 -11691.8406238853
22600 -11691.8406238853
22700 -11691.8406238853
22800 -11691.8406238853
22900 -11691.8406238853
23000 -11691.8406238853
23100 -11691.8406238853
23200 -11691.8406238853
23300 -11691.8406238853
23400 -11691.8406238853
23500 -11691.8406238853
23600 -11691.8406238853
23700 -11691.8406238853
23800 -11691.8406238853
23900 -11691.8406238853
24000 -11691.8406238853
24100 -11691.8406238853
24200 -11691.8406238853
24300 -11691.8406238853
24400 -11691.8406238853
24500 -11691.8406238853
24600 -11691.8406238853
24700 -11691.8406238853
24800 -11691.8406238853
24900 -11691.8406238853
25000 -11691.8406238853
# step stress 
25000 -14227.8288820754
25100 -14227.8288820754
25200 -14227.8288820754
25300 -14227.8288820754
25400 -14227.8288820754
25500 -14227.8288820754
25600 -14227.8288820754
25700 -14227.8288820754
25800 -14227.8288820754
25900 -14227.8288820754
26000 -14227.8288820754
26100 -14227.8288820754
26200 -14227.8288820754
26300 -14227.8288820754
26400 -14227.8288820754
26500 -14227.8288820754
26600 -14227.8288820754
26700 -14227.8288820754
26800 -14227.8288820754
26900 -14227.8288820754
27000 -14227.8288820754
27100 -14227.8288820754
27200 -14227.8288820754
27300 -14227.8288820754
27400 -14227.8288820754
27500 -14227.8288820754
27600 -14227.8288820754
27700 -14227.8288820754
27800 -14227.8288820754
27900 -14227.8288820754
28000 -14227.8288820754
28100 -14227.8288820754
28200 -14227.8288820754
28300 -14227.8288820754
28400 -14227.8288820754
28500 -14227.8288820754
28600 -14227.8288820754
28700 -14227.8288820754
28800 -14227.8288820754
28900 -14227.8288820754
29000 -14227.8288820754
29100 -14227.8288820754
29200 -14227.8288820754
29300 -14227.8288820754
29400 -14227.8288820754
29500 -14227.8288820754
29600 -14227.8288820754
29700 -14227.8288820754
29800 -14227.8288820754
29900 -14227.8288820754
30000 -14227.8288820754
# step stress 
30000 -16721.0943523959
30100 -16721.0943523959
30200 -16721.0943523959
30300 -16721.0943523959
30400 -16721.0943523959
30500 -16721.0943523959
30600 -16721.0943523959
30700 -16721.0943523959
30800 -16721.0943523959
30900 -16721.0943523959
31000 -16721.0943523959
31100 -16721.0943523959
31200 -16721.0943523959
31300 -16721.0943523959
31400 -16721.0943523959
31500 -16721.0943523959
31600 -16721.0943523959
31700 -16721.0943523959
31800 -16721.0943523959
31900 -16721.0943523959
32000 -16721.0943523959
32100 -16721.0943523959
32200 -16721.0943523959
32300 -16721.0943523959
32400 -16721.0943523959
32500 -16721.0943523959
32600 -16721.0943523959
32700 -16721.0943523959
32800 -16721.0943523959
32900 -16721.0943523959
33000 -16721.0943523959
33100 -16721.0943523959
33200 -16721.0943523959
33300 -16721.0943523959
33400 -16721.0943523959
33500 -16721.0943523959
33600 -16721.0943523959
33700 -16721.0943523959
33800 -16721.0943523959
33900 -16721.0943523959
34000 -16721.0943523959
34100 -16721.0943523959
34200 -16721.0943523959
34300 -16721.0943523959
34400 -16721.0943523959
34500 -16721.0943523959
34600 -16721.0943523959
34700 -16721.0943523959
34800 -16721.0943523959
34900 -16721.0943523959
35000 -16721.0943523959
# step stress 
35000 -19172.4167130927
35100 -19172.4167130927
35200 -19172.4167130927
35300 -19172.4167130927
35400 -19172.4167130927
35500 -19172.4167130927
35600 -19172.4167130927
35700 -19172.4167130927
35800 -19172.4167130927
35900 -19172.4167130927
36000 -19172.4167130927
36100 -19172.4167130927
36200 -19172.4167130927
36300 -19172.4167130927
36400 -19172.4167130927
36500 -19172.4167130927
36600 -19172.4167130927
36700 -19172.4167130927
36800 -19172.4167130927
36900 -19172.4167130927
37000 -19172.4167130927
37100 -19172.4167130927
37200 -19172.4167130927
37300 -19172.4167130927
37400 -19172.4167130927
37500 -19172.4167130927
37600 -19172.4167130927
37700 -19172.4167130927
37800 -19172.4167130927
37900 -19172.4167130927
38000 -19172.4167130927
38100 -19172.4167130927
38200 -19172.4167130927
38300 -19172.4167130927
38400 -19172.4167130927
38500 -19172.4167130927
38600 -19172.4167130927
38700 -19172.4167130927
38800 -19172.4167130927
38900 -19172.4167130927
39000 -19172.4167130927
39100 -19172.4167130927
39200 -19172.4167130927
39300 -19172.4167130927
39400 -19172.4167130927
39500 -19172.4167130927
39600 -19172.4167130927
39700 -19172.4167130927
39800 -19172.4167130927
39900 -19172.4167130927
40000 -19172.4167130927
# step stress 
40000 -21582.5634616947
40100 -21582.5634616947
40200 -21582.5634616947
40300 -21582.5634616947
40400 -21582.5634616947
40500 -21582.5634616947
40600 -21582.5634616947
40700 -21582.5634616947
40800 -21582.5634616947
40900 -21582.5634616947
41000 -21582.5634616947
41100 -21582.5634616947
41200 -21582.5634616947
41300 -21582.5634616947
41400 -21582.5634616947
41500 -21582.5634616947
41600 -21582.5634616947
41700 -21582.5634616947
41800 -21582.5634616947
41900 -21582.5634616947
42000 -21582.5634616947
42100 -21582.5634616947
42200 -21582.5634616947
42300 -21582.5634616947
42400 -21582.5634616947
42500 -21582.5634616947
42600 -21582.5634616947
42700 -21582.5634616947
42800 -21582.5634616947
42900 -21582.5634616947
43000 -21582.5634616947
43100 -21582.5634616947
43200 -21582.5634616947
43300 -21582.5634616947
43400 -21582.5634616947
43500 -21582.5634616947
43600 -21582.5634616947
43700 -21582.5634616947
43800 -21582.5634616947
43900 -21582.5634616947
44000 -21582.5634616947
44100 -21582.5634616947
44200 -21582.5634616947
44300 -21582.5634616947
44400 -21582.5634616947
44500 -21582.5634616947
44600 -21582.5634616947
44700 -21582.5634616947
44800 -21582.5634616947
44900 -21582.5634616947
45000 -21582.5634616947
# step stress 
45000 -23952.2900270249
45100 -23952.2900270249
45200 -23952.2900270249
45300 -23952.2900270249
45400 -23952.2900270249
45500 -23952.2900270249
45600 -23952.2900270249
45700 -23952.2900270249
45800 -23952.2900270249
45900 -23952.2900270249
46000 -23952.2900270249
46100 -23952.2900270249
46200 -23952.2900270249
46300 -23952.2900270249
46400 -23952.2900270249
46500 -23952.2900270249
46600 -23952.2900270249
46700 -23952.2900270249
46800 -23952.2900270249
46900 -23952.2900270249
47000 -23952.2900270249
47100 -23952.2900270249
47200 -23952.2900270249
47300 -23952.2900270249
47400 -23952.2900270249
47500 -23952.2900270249
47600 -23952.2900270249
47700 -23952.2900270249
47800 -23952.2900270249
47900 -23952.2900270249
48000 -23952.2900270249
48100 -23952.2900270249
48200 -23952.2900270249
48300 -23952.2900270249
48400 -23952.2900270249
48500 -23952.2900270249
48600 -23952.2900270249
48700 -23952.2900270249
48800 -23952.2900270249
48900 -23952.2900270249
49000 -23952.2900270249
49100 -23952.2900270249
49200 -23952.2900270249
49300 -23952.2900270249
49400 -23952.2900270249
49500 -23952.2900270249
49600 -23952.2900270249
49700 -23952.2900270249
49800 -23952.2900270249
49900 -23952.2900270249
50000 -23952.2900270249
# step stress 
50000 -26282.3398805459
50100 -26282.3398805459
50200 -26282.3398805459
50300 -26282.3398805459
50400 -26282.3398805459
50500 -26282.3398805459
50600 -26282.3398805459
50700 -26282.3398805459
50800 -26282.3398805459
50900 -26282.3398805459
51000 -26282.3398805459
51100 -26282.3398805459
51200 -26282.3398805459
51300 -26282.3398805459
51400 -26282.3398805459
51500 -26282.3398805459
51600 -26282.3398805459
51700 -26282.3398805459
51800 -26282.3398805459
51900 -26282.3398805459
52000 -26282.3398805459
52100 -26282.3398805459
52200 -26282.3398805459
52300 -26282.3398805459
52400 -26282.3398805459
52500 -26282.3398805459
52600 -26282.3398805459
52700 -26282.3398805459
52800 -26282.3398805459
52900 -26282.3398805459
53000 -26282.3398805459
53100 -26282.3398805459
53200 -26282.3398805459
53300 -26282.3398805459
53400 -26282.3398805459
53500 -26282.3398805459
53600 -26282.3398805459
53700 -26282.3398805459
53800 -26282.3398805459
53900 -26282.3398805459
54000 -26282.3398805459
54100 -26282.3398805459
54200 -26282.3398805459
54300 -26282.3398805459
54400 -26282.3398805459
54500 -26282.3398805459
54600 -26282.3398805459
54700 -26282.3398805459
54800 -26282.3398805459
54900 -26282.3398805459
55000 -26282.3398805459
# step stress 
55000 -28573.4446470442
55100 -28573.4446470442
55200 -28573.4446470442
55300 -28573.4446470442
55400 -28573.4446470442
55500 -28573.4446470442
55600 -28573.4446470442
55700 -28573.4446470442
55800 -28573.4446470442
55900 -28573.4446470442
56000 -28573.4446470442
56100 -28573.4446470442
56200 -28573.4446470442
56300 -28573.4446470442
56400 -28573.4446470442
56500 -28573.4446470442
56600 -28573.4446470442
56700 -28573.4446470442
56800 -28573.4446470442
56900 -28573.4446470442
57000 -28573.4446470442
57100 -28573.4446470442
57200 -28573.4446470442
57300 -28573.4446470442
57400 -28573.4446470442
57500 -28573.4446470442
57600 -28573.4446470442
57700 -28573.4446470442
57800 -28573.4446470442
57900 -28573.4446470442
58000 -28573.4446470442
58100 -28573.4446470442
58200 -28573.4446470442
58300 -28573.4446470442
58400 -28573.4446470442
58500 -28573.4446470442
58600 -28573.4446470442
58700 -28573.4446470442
58800 -28573.4446470442
58900 -28573.4446470442
59000 -28573.4446470442
59100 -28573.4446470442
59200 -28573.4446470442
59300 -28573.4446470442
59400 -28573.4446470442
59500 -28573.4446470442
59600 -28573.4446470442
59700 -28573.4446470442
59800 -28573.4446470442
59900 -28573.4446470442
60000 -28573.4446470442
# step stress 
60000 -30826.3242146631
60100 -30826.3242146631
60200 -30826.3242146631
60300 -30826.3242146631
60400 -30826.3242146631
60500 -30826.3242146631
60600 -30826.3242146631
60700 -30826.3242146631
60800 -30826.3242146631
60900 -30826.3242146631
61000 -30826.3242146631
61100 -30826.3242146631
61200 -30826.3242146631
61300 -30826.3242146631
61400 -30826.3242146631
61500 -30826.3242146631
61600 -30826.3242146631
61700 -30826.3242146631
61800 -30826.3242146631
61900 -30826.3242146631
62000 -30826.3242146631
62100 -30826.3242146631
62200 -30826.3242146631
62300 -30826.3242146631
62400 -30826.3242146631
62500 -30826.3242146631
62600 -30826.3242146631
62700 -30826.3242146631
62800 -30826.3242146631
62900 -30826.3242146631
63000 -30826.3242146631
63100 -30826.3242146631
63200 -30826.3242146631
63300 -30826.3242146631
63400 -30826.3242146631
63500 -30826.3242146631
63600 -30826.3242146631
63700 -30826.3242146631
63800 -30826.3242146631
63900 -30826.3242146631
64000 -30826.3242146631
64100 -30826.3242146631
64200 -30826.3242146631
64300 -30826.3242146631
64400 -30826.3242146631
64500 -30826.3242146631
64600 -30826.3242146631
64700 -30826.3242146631
64800 -30826.3242146631
64900 -30826.3242146631
65000 -30826.3242146631
# step stress 
65000 -33041.6868442868
65100 -33041.6868442868
65200 -33041.6868442868
65300 -33041.6868442868
65400 -33041.6868442868
65500 -33041.6868442868
65600 -33041.6868442868
65700 -33041.6868442868
65800 -33041.6868442868
65900 -33041.6868442868
66000 -33041.6868442868
66100 -33041.6868442868
66200 -33041.6868442868
66300 -33041.6868442868
66400 -33041.6868442868
66500 -33041.6868442868
66600 -33041.6868442868
66700 -33041.6868442868
66800 -33041.6868442868
66900 -33041.6868442868
67000 -33041.6868442868
67100 -33041.6868442868
67200 -33041.6868442868
67300 -33041.6868442868
67400 -33041.6868442868
67500 -33041.6868442868
67600 -33041.6868442868
67700 -33041.6868442868
67800 -33041.6868442868
67900 -33041.6868442868
68000 -33041.6868442868
68100 -33041.6868442868
68200 -33041.6868442868
68300 -33041.6868442868
68400 -33041.6868442868
68500 -33041.6868442868
68600 -33041.6868442868
68700 -33041.6868442868
68800 -33041.6868442868
68900 -33041.6868442868
69000 -33041.6868442868
69100 -33041.6868442868
69200 -33041.6868442868
69300 -33041.6868442868
69400 -33041.6868442868
69500 -33041.6868442868
69600 -33041.6868442868
69700 -33041.6868442868
69800 -33041.6868442868
69900 -33041.6868442868
70000 -33041.6868442868
# step stress 
70000 -35220.2292782827
70100 -35220.2292782827
70200 -35220.2292782827
70300 -35220.2292782827
70400 -35220.2292782827
70500 -35220.2292782827
70600 -35220.2292782827
70700 -35220.2292782827
70800 -35220.2292782827
70900 -35220.2292782827
71000 -35220.2292782827
71100 -35220.2292782827
71200 -35220.2292782827
71300 -35220.2292782827
71400 -35220.2292782827
71500 -35220.2292782827
71600 -35220.2292782827
71700 -35220.2292782827
71800 -35220.2292782827
71900 -35220.2292782827
72000 -35220.2292782827
72100 -35220.2292782827
72200 -35220.2292782827
72300 -35220.2292782827
72400 -35220.2292782827
72500 -35220.2292782827
72600 -35220.2292782827
72700 -35220.2292782827
72800 -35220.2292782827
72900 -35220.2292782827
73000 -35220.2292782827
73100 -35220.2292782827
73200 -35220.2292782827
73300 -35220.2292782827
73400 -35220.2292782827
73500 -35220.2292782827
73600 -35220.2292782827
73700 -35220.2292782827
73800 -35220.2292782827
73900 -35220.2292782827
74000 -35220.2292782827
74100 -35220.2292782827
74200 -35220.2292782827
74300 -35220.2292782827
74400 -35220.2292782827
74500 -35220.2292782827
74600 -35220.2292782827
74700 -35220.2292782827
74800 -35220.2292782827
74900 -35220.2292782827
75000 -35220.2292782827
# step stress 
75000 -37362.636848606
75100 -37362.636848606
75200 -37362.636848606
75300 -37362.636848606
75400 -37362.636848606
75500 -37362.636848606
75600 -37362.636848606
75700 -37362.636848606
75800 -37362.636848606
75900 -37362.636848606
76000 -37362.636848606
76100 -37362.636848606
76200 -37362.636848606
76300 -37362.636848606
76400 -37362.636848606
76500 -37362.636848606
76600 -37362.636848606
76700 -37362.636848606
76800 -37362.636848606
76900 -37362.636848606
77000 -37362.636848606
77100 -37362.636848606
77200 -37362.636848606
77300 -37362.636848606
77400 -37362.636848606
77500 -37362.636848606
77600 -37362.636848606
77700 -37362.636848606
77800 -37362.636848606
77900 -37362.636848606
78000 -37362.636848606
78100 -37362.636848606
78200 -37362.636848606
78300 -37362.636848606
78400 -37362.636848606
78500 -37362.636848606
78600 -37362.636848606
78700 -37362.636848606
78800 -37362.636848606
78900 -37362.636848606
79000 -37362.636848606
79100 -37362.636848606
79200 -37362.636848606
79300 -37362.636848606
79400 -37362.636848606
79500 -37362.636848606
79600 -37362.636848606
79700 -37362.636848606
79800 -37362.636848606
79900 -37362.636848606
80000 -37362.636848606
# step stress 
80000 -39469.5835842684
80100 -39469.5835842684
80200 -39469.5835842684
80300 -39469.5835842684
80400 -39469.5835842684
80500 -39469.5835842684
80600 -39469.5835842684
80700 -39469.5835842684
80800 -39469.5835842684
80900 -39469.5835842684
81000 -39469.5835842684
81100 -39469.5835842684
81200 -39469.5835842684
81300 -39469.5835842684
81400 -39469.5835842684
81500 -39469.5835842684
81600 -39469.5835842684
81700 -39469.5835842684
81800 -39469.5835842684
81900 -39469.5835842684
82000 -39469.5835842684
82100 -39469.5835842684
82200 -39469.5835842684
82300 -39469.5835842684
82400 -39469.5835842684
82500 -39469.5835842684
82600 -39469.5835842684
82700 -39469.5835842684
82800 -39469.5835842684
82900 -39469.5835842684
83000 -39469.5835842684
83100 -39469.5835842684
83200 -39469.5835842684
83300 -39469.5835842684
83400 -39469.5835842684
83500 -39469.5835842684
83600 -39469.5835842684
83700 -39469.5835842684
83800 -39469.5835842684
83900 -39469.5835842684
84000 -39469.5835842684
84100 -39469.5835842684
84200 -39469.5835842684
84300 -39469.5835842684
84400 -39469.5835842684
84500 -39469.5835842684
84600 -39469.5835842684
84700 -39469.5835842684
84800 -39469.5835842684
84900 -39469.5835842684
85000 -39469.5835842684
# step stress 
85000 -41541.7323181781
85100 -41541.7323181781
85200 -41541.7323181781
85300 -41541.7323181781
85400 -41541.7323181781
85500 -41541.7323181781
85600 -41541.7323181781
85700 -41541.7323181781
85800 -41541.7323181781
85900 -41541.7323181781
86000 -41541.7323181781
86100 -41541.7323181781
86200 -41541.7323181781
86300 -41541.7323181781
86400 -41541.7323181781
86500 -41541.7323181781
86600 -41541.7323181781
86700 -41541.7323181781
86800 -41541.7323181781
86900 -41541.7323181781
87000 -41541.7323181781
87100 -41541.7323181781
87200 -41541.7323181781
87300 -41541.7323181781
87400 -41541.7323181781
87500 -41541.7323181781
87600 -41541.7323181781
87700 -41541.7323181781
87800 -41541.7323181781
87900 -41541.7323181781
88000 -41541.7323181781
88100 -41541.7323181781
88200 -41541.7323181781
88300 -41541.7323181781
88400 -41541.7323181781
88500 -41541.7323181781
88600 -41541.7323181781
88700 -41541.7323181781
88800 -41541.7323181781
88900 -41541.7323181781
89000 -41541.7323181781
89100 -41541.7323181781
89200 -41541.7323181781
89300 -41541.7323181781
89400 -41541.7323181781
89500 -41541.7323181781
89600 -41541.7323181781
89700 -41541.7323181781
89800 -41541.7323181781
89900 -41541.7323181781
90000 -41541.7323181781
# step stress 
90000 -43579.7347933497
90100 -43579.7347933497
90200 -43579.7347933497
90300 -43579.7347933497
90400 -43579.7347933497
90500 -43579.7347933497
90600 -43579.7347933497
90700 -43579.7347933497
90800 -43579.7347933497
90900 -43579.7347933497
91000 -43579.7347933497
91100 -43579.7347933497
91200 -43579.7347933497
91300 -43579.7347933497
91400 -43579.7347933497
91500 -43579.7347933497
91600 -43579.7347933497
91700 -43579.7347933497
91800 -43579.7347933497
91900 -43579.7347933497
92000 -43579.7347933497
92100 -43579.7347933497
92200 -43579.7347933497
92300 -43579.7347933497
92400 -43579.7347933497
92500 -43579.7347933497
92600 -43579.7347933497
92700 -43579.7347933497
92800 -43579.7347933497
92900 -43579.7347933497
93000 -43579.7347933497
93100 -43579.7347933497
93200 -43579.7347933497
93300 -43579.7347933497
93400 -43579.7347933497
93500 -43579.7347933497
93600 -43579.7347933497
93700 -43579.7347933497
93800 -43579.7347933497
93900 -43579.7347933497
94000 -43579.7347933497
94100 -43579.7347933497
94200 -43579.7347933497
94300 -43579.7347933497
94400 -43579.7347933497
94500 -43579.7347933497
94600 -43579.7347933497
94700 -43579.7347933497
94800 -43579.7347933497
94900 -43579.7347933497
95000 -43579.7347933497
# step stress 
95000 -45584.2317684874
95100 -45584.2317684874
95200 -45584.2317684874
95300 -45584.2317684874
95400 -45584.2317684874
95500 -45584.2317684874
95600 -45584.2317684874
95700 -45584.2317684874
95800 -45584.2317684874
95900 -45584.2317684874
96000 -45584.2317684874
96100 -45584.2317684874
96200 -45584.2317684874
96300 -45584.2317684874
96400 -45584.2317684874
96500 -45584.2317684874
96600 -45584.2317684874
96700 -45584.2317684874
96800 -45584.2317684874
96900 -45584.2317684874
97000 -45584.2317684874
97100 -45584.2317684874
97200 -45584.2317684874
97300 -45584.2317684874
97400 -45584.2317684874
97500 -45584.2317684874
97600 -45584.2317684874
97700 -45584.2317684874
97800 -45584.2317684874
97900 -45584.2317684874
98000 -45584.2317684874
98100 -45584.2317684874
98200 -45584.2317684874
98300 -45584.2317684874
98400 -45584.2317684874
98500 -45584.2317684874
98600 -45584.2317684874
98700 -45584.2317684874
98800 -45584.2317684874
98900 -45584.2317684874
99000 -45584.2317684874
99100 -45584.2317684874
99200 -45584.2317684874
99300 -45584.2317684874
99400 -45584.2317684874
99500 -45584.2317684874
99600 -45584.2317684874
99700 -45584.2317684874
99800 -45584.2317684874
99900 -45584.2317684874
100000 -45584.2317684874
# step stress 
100000 -47555.8531229447
100100 -47555.8531229447
100200 -47555.8531229447
100300 -47555.8531229447
100400 -47555.8531229447
100500 -47555.8531229447
100600 -47555.8531229447
100700 -47555.8531229447
100800 -47555.8531229447
100900 -47555.8531229447
101000 -47555.8531229447
101100 -47555.8531229447
101200 -47555.8531229447
101300 -47555.8531229447
101400 -47555.8531229447
101500 -47555.8531229447
101600 -47555.8531229447
101700 -47555.8531229447
101800 -47555.8531229447
101900 -47555.8531229447
102000 -47555.8531229447
102100 -47555.8531229447
102200 -47555.8531229447
102300 -47555.8531229447
102400 -47555.8531229447
102500 -47555.8531229447
102600 -47555.8531229447
102700 -47555.8531229447
102800 -47555.8531229447
102900 -47555.8531229447
103000 -47555.8531229447
103100 -47555.8531229447
103200 -47555.8531229447
103300 -47555.8531229447
103400 -47555.8531229447
103500 -47555.8531229447
103600 -47555.8531229447
103700 -47555.8531229447
103800 -47555.8531229447
103900 -47555.8531229447
104000 -47555.8531229447
104100 -47555.8531229447
104200 -47555.8531229447
104300 -47555.8531229447
104400 -47555.8531229447
104500 -47555.8531229447
104600 -47555.8531229447
104700 -47555.8531229447
104800 -47555.8531229447
104900 -47555.8531229447
105000 -47555.8531229447
# step stress 
105000 -49495.2179610602
105100 -49495.2179610602
105200 -49495.2179610602
105300 -49495.2179610602
105400 -49495.2179610602
105500 -49495.2179610602
105600 -49495.2179610602
105700 -49495.2179610602
105800 -49495.2179610602
105900 -49495.2179610602
106000 -49495.2179610602
106100 -49495.2179610602
106200 -49495.2179610602
106300 -49495.2179610602
106400 -49495.2179610602
106500 -49495.2179610602
106600 -49495.2179610602
106700 -49495.2179610602
106800 -49495.2179610602
106900 -49495.2179610602
107000 -49495.2179610602
107100 -49495.2179610602
107200 -49495.2179610602
107300 -49495.2179610602
107400 -49495.2179610602
107500 -49495.2179610602
107600 -49495.2179610602
107700 -49495.2179610602
107800 -49495.2179610602
107900 -49495.2179610602
108000 -49495.2179610602
108100 -49495.2179610602
108200 -49495.2179610602
108300 -49495.2179610602
108400 -49495.2179610602
108500 -49495.2179610602
108600 -49495.2179610602
108700 -49495.2179610602
108800 -49495.2179610602
108900 -49495.2179610602
109000 -49495.2179610602
109100 -49495.2179610602
109200 -49495.2179610602
109300 -49495.2179610602
109400 -49495.2179610602
109500 -49495.2179610602
109600 -49495.2179610602
109700 -49495.2179610602
109800 -49495.2179610602
109900 -49495.2179610602
110000 -49495.2179610602
# step stress 
110000 -51402.9347158698
110100 -51402.9347158698
110200 -51402.9347158698
110300 -51402.9347158698
110400 -51402.9347158698
110500 -51402.9347158698
110600 -51402.9347158698
110700 -51402.9347158698
110800 -51402.9347158698
110900 -51402.9347158698
111000 -51402.9347158698
111100 -51402.9347158698
111200 -51402.9347158698
111300 -51402.9347158698
111400 -51402.9347158698
111500 -51402.9347158698
111600 -51402.9347158698
111700 -51402.9347158698
111800 -51402.9347158698
111900 -51402.9347158698
112000 -51402.9347158698
112100 -51402.9347158698
112200 -51402.9347158698
112300 -51402.9347158698
112400 -51402.9347158698
112500 -51402.9347158698
112600 -51402.9347158698
112700 -51402.9347158698
112800 -51402.9347158698
112900 -51402.9347158698
113000 -51402.9347158698
113100 -51402.9347158698
113200 -51402.9347158698
113300 -51402.9347158698
113400 -51402.9347158698
113500 -51402.9347158698
113600 -51402.9347158698
113700 -51402.9347158698
113800 -51402.9347158698
113900 -51402.9347158698
114000 -51402.9347158698
114100 -51402.9347158698
114200 -51402.9347158698
114300 -51402.9347158698
114400 -51402.9347158698
114500 -51402.9347158698
114600 -51402.9347158698
114700 -51402.9347158698
114800 -51402.9347158698
114900 -51402.9347158698
115000 -51402.9347158698
# step stress 
115000 -53279.6012521972
115100 -53279.6012521972
115200 -53279.6012521972
115300 -53279.6012521972
115400 -53279.6012521972
115500 -53279.6012521972
115600 -53279.6012521972
115700 -53279.6012521972
115800 -53279.6012521972
115900 -53279.6012521972
116000 -53279.6012521972
116100 -53279.6012521972
116200 -53279.6012521972
116300 -53279.6012521972
116400 -53279.6012521972
116500 -53279.6012521972
116600 -53279.6012521972
116700 -53279.6012521972
116800 -53279.6012521972
116900 -53279.6012521972
117000 -53279.6012521972
117100 -53279.6012521972
117200 -53279.6012521972
117300 -53279.6012521972
117400 -53279.6012521972
117500 -53279.6012521972
117600 -53279.6012521972
117700 -53279.6012521972
117800 -53279.6012521972
117900 -53279.6012521972
118000 -53279.6012521972
118100 -53279.6012521972
118200 -53279.6012521972
118300 -53279.6012521972
118400 -53279.6012521972
118500 -53279.6012521972
118600 -53279.6012521972
118700 -53279.6012521972
118800 -53279.6012521972
118900 -53279.6012521972
119000 -53279.6012521972
119100 -53279.6012521972
119200 -53279.6012521972
119300 -53279.6012521972
119400 -53279.6012521972
119500 -53279.6012521972
119600 -53279.6012521972
119700 -53279.6012521972
119800 -53279.6012521972
119900 -53279.6012521972
120000 -53279.6012521972
# step stress 
120000 -55125.8049691213
120100 -55125.8049691213
120200 -55125.8049691213
120300 -55125.8049691213
120400 -55125.8049691213
120500 -55125.8049691213
120600 -55125.8049691213
120700 -55125.8049691213
120800 -55125.8049691213
120900 -55125.8049691213
121000 -55125.8049691213
121100 -55125.8049691213
121200 -55125.8049691213
121300 -55125.8049691213
121400 -55125.8049691213
121500 -55125.8049691213
121600 -55125.8049691213
121700 -55125.8049691213
121800 -55125.8049691213
121900 -55125.8049691213
122000 -55125.8049691213
122100 -55125.8049691213
122200 -55125.8049691213
122300 -55125.8049691213
122400 -55125.8049691213
122500 -55125.8049691213
122600 -55125.8049691213
122700 -55125.8049691213
122800 -55125.8049691213
122900 -55125.8049691213
123000 -55125.8049691213
123100 -55125.8049691213
123200 -55125.8049691213
123300 -55125.8049691213
123400 -55125.8049691213
123500 -55125.8049691213
123600 -55125.8049691213
123700 -55125.8049691213
123800 -55125.8049691213
123900 -55125.8049691213
124000 -55125.8049691213
124100 -55125.8049691213
124200 -55125.8049691213
124300 -55125.8049691213
124400 -55125.8049691213
124500 -55125.8049691213
124600 -55125.8049691213
124700 -55125.8049691213
124800 -55125.8049691213
124900 -55125.8049691213
125000 -55125.8049691213
# step stress 
125000 -56942.1229018213
125100 -56942.1229018213
125200 -56942.1229018213
125300 -56942.1229018213
125400 -56942.1229018213
125500 -56942.1229018213
125600 -56942.1229018213
125700 -56942.1229018213
125800 -56942.1229018213
125900 -56942.1229018213
126000 -56942.1229018213
126100 -56942.1229018213
126200 -56942.1229018213
126300 -56942.1229018213
126400 -56942.1229018213
126500 -56942.1229018213
126600 -56942.1229018213
126700 -56942.1229018213
126800 -56942.1229018213
126900 -56942.1229018213
127000 -56942.1229018213
127100 -56942.1229018213
127200 -56942.1229018213
127300 -56942.1229018213
127400 -56942.1229018213
127500 -56942.1229018213
127600 -56942.1229018213
127700 -56942.1229018213
127800 -56942.1229018213
127900 -56942.1229018213
128000 -56942.1229018213
128100 -56942.1229018213
128200 -56942.1229018213
128300 -56942.1229018213
128400 -56942.1229018213
128500 -56942.1229018213
128600 -56942.1229018213
128700 -56942.1229018213
128800 -56942.1229018213
128900 -56942.1229018213
129000 -56942.1229018213
129100 -56942.1229018213
129200 -56942.1229018213
129300 -56942.1229018213
129400 -56942.1229018213
129500 -56942.1229018213
129600 -56942.1229018213
129700 -56942.1229018213
129800 -56942.1229018213
129900 -56942.1229018213
130000 -56942.1229018213
# step stress 
130000 -58729.1218227972
130100 -58729.1218227972
130200 -58729.1218227972
130300 -58729.1218227972
130400 -58729.1218227972
130500 -58729.1218227972
130600 -58729.1218227972
130700 -58729.1218227972
130800 -58729.1218227972
130900 -58729.1218227972
131000 -58729.1218227972
131100 -58729.1218227972
131200 -58729.1218227972
131300 -58729.1218227972
131400 -58729.1218227972
131500 -58729.1218227972
131600 -58729.1218227972
131700 -58729.1218227972
131800 -58729.1218227972
131900 -58729.1218227972
132000 -58729.1218227972
132100 -58729.1218227972
132200 -58729.1218227972
132300 -58729.1218227972
132400 -58729.1218227972
132500 -58729.1218227972
132600 -58729.1218227972
132700 -58729.1218227972
132800 -58729.1218227972
132900 -58729.1218227972
133000 -58729.1218227972
133100 -58729.1218227972
133200 -58729.1218227972
133300 -58729.1218227972
133400 -58729.1218227972
133500 -58729.1218227972
133600 -58729.1218227972
133700 -58729.1218227972
133800 -58729.1218227972
133900 -58729.1218227972
134000 -58729.1218227972
134100 -58729.1218227972
134200 -58729.1218227972
134300 -58729.1218227972
134400 -58729.1218227972
134500 -58729.1218227972
134600 -58729.1218227972
134700 -58729.1218227972
134800 -58729.1218227972
134900 -58729.1218227972
135000 -58729.1218227972
# step stress 
135000 -60487.3583424668
135100 -60487.3583424668
135200 -60487.3583424668
135300 -60487.3583424668
135400 -60487.3583424668
135500 -60487.3583424668
135600 -60487.3583424668
135700 -60487.3583424668
135800 -60487.3583424668
135900 -60487.3583424668
136000 -60487.3583424668
136100 -60487.3583424668
136200 -60487.3583424668
136300 -60487.3583424668
136400 -60487.3583424668
136500 -60487.3583424668
136600 -60487.3583424668
136700 -60487.3583424668
136800 -60487.3583424668
136900 -60487.3583424668
137000 -60487.3583424668
137100 -60487.3583424668
137200 -60487.3583424668
137300 -60487.3583424668
137400 -60487.3583424668
137500 -60487.3583424668
137600 -60487.3583424668
137700 -60487.3583424668
137800 -60487.3583424668
137900 -60487.3583424668
138000 -60487.3583424668
138100 -60487.3583424668
138200 -60487.3583424668
138300 -60487.3583424668
138400 -60487.3583424668
138500 -60487.3583424668
138600 -60487.3583424668
138700 -60487.3583424668
138800 -60487.3583424668
138900 -60487.3583424668
139000 -60487.3583424668
139100 -60487.3583424668
139200 -60487.3583424668
139300 -60487.3583424668
139400 -60487.3583424668
139500 -60487.3583424668
139600 -60487.3583424668
139700 -60487.3583424668
139800 -60487.3583424668
139900 -60487.3583424668
140000 -60487.3583424668
# step stress 
140000 -62217.3790091356
140100 -62217.3790091356
140200 -62217.3790091356
140300 -62217.3790091356
140400 -62217.3790091356
140500 -62217.3790091356
140600 -62217.3790091356
140700 -62217.3790091356
140800 -62217.3790091356
140900 -62217.3790091356
141000 -62217.3790091356
141100 -62217.3790091356
141200 -62217.3790091356
141300 -62217.3790091356
141400 -62217.3790091356
141500 -62217.3790091356
141600 -62217.3790091356
141700 -62217.3790091356
141800 -62217.3790091356
141900 -62217.3790091356
142000 -62217.3790091356
142100 -62217.3790091356
142200 -62217.3790091356
142300 -62217.3790091356
142400 -62217.3790091356
142500 -62217.3790091356
142600 -62217.3790091356
142700 -62217.3790091356
142800 -62217.3790091356
142900 -62217.3790091356
143000 -62217.3790091356
143100 -62217.3790091356
143200 -62217.3790091356
143300 -62217.3790091356
143400 -62217.3790091356
143500 -62217.3790091356
143600 -62217.3790091356
143700 -62217.3790091356
143800 -62217.3790091356
143900 -62217.3790091356
144000 -62217.3790091356
144100 -62217.3790091356
144200 -62217.3790091356
144300 -62217.3790091356
144400 -62217.3790091356
144500 -62217.3790091356
144600 -62217.3790091356
144700 -62217.3790091356
144800 -62217.3790091356
144900 -62217.3790091356
145000 -62217.3790091356
# step stress 
145000 -63919.7204083401
145100 -63919.7204083401
145200 -63919.7204083401
145300 -63919.7204083401
145400 -63919.7204083401
145500 -63919.7204083401
145600 -63919.7204083401
145700 -63919.7204083401
145800 -63919.7204083401
145900 -63919.7204083401
146000 -63919.7204083401
146100 -63919.7204083401
146200 -63919.7204083401
146300 -63919.7204083401
146400 -63919.7204083401
146500 -63919.7204083401
146600 -63919.7204083401
146700 -63919.7204083401
146800 -63919.7204083401
146900 -63919.7204083401
147000 -63919.7204083401
147100 -63919.7204083401
147200 -63919.7204083401
147300 -63919.7204083401
147400 -63919.7204083401
147500 -63919.7204083401
147600 -63919.7204083401
147700 -63919.7204083401
147800 -63919.7204083401
147900 -63919.7204083401
148000 -63919.7204083401
148100 -63919.7204083401
148200 -63919.7204083401
148300 -63919.7204083401
148400 -63919.7204083401
148500 -63919.7204083401
148600 -63919.7204083401
148700 -63919.7204083401
148800 -63919.7204083401
148900 -63919.7204083401
149000 -63919.7204083401
149100 -63919.7204083401
149200 -63919.7204083401
149300 -63919.7204083401
149400 -63919.7204083401
149500 -63919.7204083401
149600 -63919.7204083401
149700 -63919.7204083401
149800 -63919.7204083401
149900 -63919.7204083401
150000 -63919.7204083401
# step stress 
150000 -65594.9092615607
150100 -65594.9092615607
150200 -65594.9092615607
150300 -65594.9092615607
150400 -65594.9092615607
150500 -65594.9092615607
150600 -65594.9092615607
150700 -65594.9092615607
150800 -65594.9092615607
150900 -65594.9092615607
151000 -65594.9092615607
151100 -65594.9092615607
151200 -65594.9092615607
151300 -65594.9092615607
151400 -65594.9092615607
151500 -65594.9092615607
151600 -65594.9092615607
151700 -65594.9092615607
151800 -65594.9092615607
151900 -65594.9092615607
152000 -65594.9092615607
152100 -65594.9092615607
152200 -65594.9092615607
152300 -65594.9092615607
152400 -65594.9092615607
152500 -65594.9092615607
152600 -65594.9092615607
152700 -65594.9092615607
152800 -65594.9092615607
152900 -65594.9092615607
153000 -65594.9092615607
153100 -65594.9092615607
153200 -65594.9092615607
153300 -65594.9092615607
153400 -65594.9092615607
153500 -65594.9092615607
153600 -65594.9092615607
153700 -65594.9092615607
153800 -65594.9092615607
153900 -65594.9092615607
154000 -65594.9092615607
154100 -65594.9092615607
154200 -65594.9092615607
154300 -65594.9092615607
154400 -65594.9092615607
154500 -65594.9092615607
154600 -65594.9092615607
154700 -65594.9092615607
154800 -65594.9092615607
154900 -65594.9092615607
155000 -65594.9092615607
# step stress 
155000 -67243.4625243049
155100 -67243.4625243049
155200 -67243.4625243049
155300 -67243.4625243049
155400 -67243.4625243049
155500 -67243.4625243049
155600 -67243.4625243049
155700 -67243.4625243049
155800 -67243.4625243049
155900 -67243.4625243049
156000 -67243.4625243049
156100 -67243.4625243049
156200 -67243.4625243049
156300 -67243.4625243049
156400 -67243.4625243049
156500 -67243.4625243049
156600 -67243.4625243049
156700 -67243.4625243049
156800 -67243.4625243049
156900 -67243.4625243049
157000 -67243.4625243049
157100 -67243.4625243049
157200 -67243.4625243049
157300 -67243.4625243049
157400 -67243.4625243049
157500 -67243.4625243049
157600 -67243.4625243049
157700 -67243.4625243049
157800 -67243.4625243049
157900 -67243.4625243049
158000 -67243.4625243049
158100 -67243.4625243049
158200 -67243.4625243049
158300 -67243.4625243049
158400 -67243.4625243049
158500 -67243.4625243049
158600 -67243.4625243049
158700 -67243.4625243049
158800 -67243.4625243049
158900 -67243.4625243049
159000 -67243.4625243049
159100 -67243.4625243049
159200 -67243.4625243049
159300 -67243.4625243049
159400 -67243.4625243049
159500 -67243.4625243049
159600 -67243.4625243049
159700 -67243.4625243049
159800 -67243.4625243049
159900 -67243.4625243049
160000 -67243.4625243049
# step stress 
160000 -68865.8874835552
160100 -68865.8874835552
160200 -68865.8874835552
160300 -68865.8874835552
160400 -68865.8874835552
160500 -68865.8874835552
160600 -68865.8874835552
160700 -68865.8874835552
160800 -68865.8874835552
160900 -68865.8874835552
161000 -68865.8874835552
161100 -68865.8874835552
161200 -68865.8874835552
161300 -68865.8874835552
161400 -68865.8874835552
161500 -68865.8874835552
161600 -68865.8874835552
161700 -68865.8874835552
161800 -68865.8874835552
161900 -68865.8874835552
162000 -68865.8874835552
162100 -68865.8874835552
162200 -68865.8874835552
162300 -68865.8874835552
162400 -68865.8874835552
162500 -68865.8874835552
162600 -68865.8874835552
162700 -68865.8874835552
162800 -68865.8874835552
162900 -68865.8874835552
163000 -68865.8874835552
163100 -68865.8874835552
163200 -68865.8874835552
163300 -68865.8874835552
163400 -68865.8874835552
163500 -68865.8874835552
163600 -68865.8874835552
163700 -68865.8874835552
163800 -68865.8874835552
163900 -68865.8874835552
164000 -68865.8874835552
164100 -68865.8874835552
164200 -68865.8874835552
164300 -68865.8874835552
164400 -68865.8874835552
164500 -68865.8874835552
164600 -68865.8874835552
164700 -68865.8874835552
164800 -68865.8874835552
164900 -68865.8874835552
165000 -68865.8874835552
# step stress 
165000 -70462.681854583
165100 -70462.681854583
165200 -70462.681854583
165300 -70462.681854583
165400 -70462.681854583
165500 -70462.681854583
165600 -70462.681854583
165700 -70462.681854583
165800 -70462.681854583
165900 -70462.681854583
166000 -70462.681854583
166100 -70462.681854583
166200 -70462.681854583
166300 -70462.681854583
166400 -70462.681854583
166500 -70462.681854583
166600 -70462.681854583
166700 -70462.681854583
166800 -70462.681854583
166900 -70462.681854583
167000 -70462.681854583
167100 -70462.681854583
167200 -70462.681854583
167300 -70462.681854583
167400 -70462.681854583
167500 -70462.681854583
167600 -70462.681854583
167700 -70462.681854583
167800 -70462.681854583
167900 -70462.681854583
168000 -70462.681854583
168100 -70462.681854583
168200 -70462.681854583
168300 -70462.681854583
168400 -70462.681854583
168500 -70462.681854583
168600 -70462.681854583
168700 -70462.681854583
168800 -70462.681854583
168900 -70462.681854583
169000 -70462.681854583
169100 -70462.681854583
169200 -70462.681854583
169300 -70462.681854583
169400 -70462.681854583
169500 -70462.681854583
169600 -70462.681854583
169700 -70462.681854583
169800 -70462.681854583
169900 -70462.681854583
170000 -70462.681854583
# step stress 
170000 -72034.3338771221
170100 -72034.3338771221
170200 -72034.3338771221
170300 -72034.3338771221
170400 -72034.3338771221
170500 -72034.3338771221
170600 -72034.3338771221
170700 -72034.3338771221
170800 -72034.3338771221
170900 -72034.3338771221
171000 -72034.3338771221
171100 -72034.3338771221
171200 -72034.3338771221
171300 -72034.3338771221
171400 -72034.3338771221
171500 -72034.3338771221
171600 -72034.3338771221
171700 -72034.3338771221
171800 -72034.3338771221
171900 -72034.3338771221
172000 -72034.3338771221
172100 -72034.3338771221
172200 -72034.3338771221
172300 -72034.3338771221
172400 -72034.3338771221
172500 -72034.3338771221
172600 -72034.3338771221
172700 -72034.3338771221
172800 -72034.3338771221
172900 -72034.3338771221
173000 -72034.3338771221
173100 -72034.3338771221
173200 -72034.3338771221
173300 -72034.3338771221
173400 -72034.3338771221
173500 -72034.3338771221
173600 -72034.3338771221
173700 -72034.3338771221
173800 -72034.3338771221
173900 -72034.3338771221
174000 -72034.3338771221
174100 -72034.3338771221
174200 -72034.3338771221
174300 -72034.3338771221
174400 -72034.3338771221
174500 -72034.3338771221
174600 -72034.3338771221
174700 -72034.3338771221
174800 -72034.3338771221
174900 -72034.3338771221
175000 -72034.3338771221
# step stress 
175000 -73581.3224109034
175100 -73581.3224109034
175200 -73581.3224109034
175300 -73581.3224109034
175400 -73581.3224109034
175500 -73581.3224109034
175600 -73581.3224109034
175700 -73581.3224109034
175800 -73581.3224109034
175900 -73581.3224109034
176000 -73581.3224109034
176100 -73581.3224109034
176200 -73581.3224109034
176300 -73581.3224109034
176400 -73581.3224109034
176500 -73581.3224109034
176600 -73581.3224109034
176700 -73581.3224109034
176800 -73581.3224109034
176900 -73581.3224109034
177000 -73581.3224109034
177100 -73581.3224109034
177200 -73581.3224109034
177300 -73581.3224109034
177400 -73581.3224109034
177500 -73581.3224109034
177600 -73581.3224109034
177700 -73581.3224109034
177800 -73581.3224109034
177900 -73581.3224109034
178000 -73581.3224109034
178100 -73581.3224109034
178200 -73581.3224109034
178300 -73581.3224109034
178400 -73581.3224109034
178500 -73581.3224109034
178600 -73581.3224109034
178700 -73581.3224109034
178800 -73581.3224109034
178900 -73581.3224109034
179000 -73581.3224109034
179100 -73581.3224109034
179200 -73581.3224109034
179300 -73581.3224109034
179400 -73581.3224109034
179500 -73581.3224109034
179600 -73581.3224109034
179700 -73581.3224109034
179800 -73581.3224109034
179900 -73581.3224109034
180000 -73581.3224109034
# step stress 
180000 -75104.1170305436
180100 -75104.1170305436
180200 -75104.1170305436
180300 -75104.1170305436
180400 -75104.1170305436
180500 -75104.1170305436
180600 -75104.1170305436
180700 -75104.1170305436
180800 -75104.1170305436
180900 -75104.1170305436
181000 -75104.1170305436
181100 -75104.1170305436
181200 -75104.1170305436
181300 -75104.1170305436
181400 -75104.1170305436
181500 -75104.1170305436
181600 -75104.1170305436
181700 -75104.1170305436
181800 -75104.1170305436
181900 -75104.1170305436
182000 -75104.1170305436
182100 -75104.1170305436
182200 -75104.1170305436
182300 -75104.1170305436
182400 -75104.1170305436
182500 -75104.1170305436
182600 -75104.1170305436
182700 -75104.1170305436
182800 -75104.1170305436
182900 -75104.1170305436
183000 -75104.1170305436
183100 -75104.1170305436
183200 -75104.1170305436
183300 -75104.1170305436
183400 -75104.1170305436
183500 -75104.1170305436
183600 -75104.1170305436
183700 -75104.1170305436
183800 -75104.1170305436
183900 -75104.1170305436
184000 -75104.1170305436
184100 -75104.1170305436
184200 -75104.1170305436
184300 -75104.1170305436
184400 -75104.1170305436
184500 -75104.1170305436
184600 -75104.1170305436
184700 -75104.1170305436
184800 -75104.1170305436
184900 -75104.1170305436
185000 -75104.1170305436
# step stress 
185000 -76603.178119789
185100 -76603.178119789
185200 -76603.178119789
185300 -76603.178119789
185400 -76603.178119789
185500 -76603.178119789
185600 -76603.178119789
185700 -76603.178119789
185800 -76603.178119789
185900 -76603.178119789
186000 -76603.178119789
186100 -76603.178119789
186200 -76603.178119789
186300 -76603.178119789
186400 -76603.178119789
186500 -76603.178119789
186600 -76603.178119789
186700 -76603.178119789
186800 -76603.178119789
186900 -76603.178119789
187000 -76603.178119789
187100 -76603.178119789
187200 -76603.178119789
187300 -76603.178119789
187400 -76603.178119789
187500 -76603.178119789
187600 -76603.178119789
187700 -76603.178119789
187800 -76603.178119789
187900 -76603.178119789
188000 -76603.178119789
188100 -76603.178119789
188200 -76603.178119789
188300 -76603.178119789
188400 -76603.178119789
188500 -76603.178119789
188600 -76603.178119789
188700 -76603.178119789
188800 -76603.178119789
188900 -76603.178119789
189000 -76603.178119789
189100 -76603.178119789
189200 -76603.178119789
189300 -76603.178119789
189400 -76603.178119789
189500 -76603.178119789
189600 -76603.178119789
189700 -76603.178119789
189800 -76603.178119789
189900 -76603.178119789
190000 -76603.178119789
# step stress 
190000 -78078.9569651088
190100 -78078.9569651088
190200 -78078.9569651088
190300 -78078.9569651088
190400 -78078.9569651088
190500 -78078.9569651088
190600 -78078.9569651088
190700 -78078.9569651088
190800 -78078.9569651088
190900 -78078.9569651088
191000 -78078.9569651088
191100 -78078.9569651088
191200 -78078.9569651088
191300 -78078.9569651088
191400 -78078.9569651088
191500 -78078.9569651088
191600 -78078.9569651088
191700 -78078.9569651088
191800 -78078.9569651088
191900 -78078.9569651088
192000 -78078.9569651088
192100 -78078.9569651088
192200 -78078.9569651088
192300 -78078.9569651088
192400 -78078.9569651088
192500 -78078.9569651088
192600 -78078.9569651088
192700 -78078.9569651088
192800 -78078.9569651088
192900 -78078.9569651088
193000 -78078.9569651088
193100 -78078.9569651088
193200 -78078.9569651088
193300 -78078.9569651088
193400 -78078.9569651088
193500 -78078.9569651088
193600 -78078.9569651088
193700 -78078.9569651088
193800 -78078.9569651088
193900 -78078.9569651088
194000 -78078.9569651088
194100 -78078.9569651088
194200 -78078.9569651088
194300 -78078.9569651088
194400 -78078.9569651088
194500 -78078.9569651088
194600 -78078.9569651088
194700 -78078.9569651088
194800 -78078.9569651088
194900 -78078.9569651088
195000 -78078.9569651088
# step stress 
195000 -79531.8958486367
195100 -79531.8958486367
195200 -79531.8958486367
195300 -79531.8958486367
195400 -79531.8958486367
195500 -79531.8958486367
195600 -79531.8958486367
195700 -79531.8958486367
195800 -79531.8958486367
195900 -79531.8958486367
196000 -79531.8958486367
196100 -79531.8958486367
196200 -79531.8958486367
196300 -79531.8958486367
196400 -79531.8958486367
196500 -79531.8958486367
196600 -79531.8958486367
196700 -79531.8958486367
196800 -79531.8958486367
196900 -79531.8958486367
197000 -79531.8958486367
197100 -79531.8958486367
197200 -79531.8958486367
197300 -79531.8958486367
197400 -79531.8958486367
197500 -79531.8958486367
197600 -79531.8958486367
197700 -79531.8958486367
197800 -79531.8958486367
197900 -79531.8958486367
198000 -79531.8958486367
198100 -79531.8958486367
198200 -79531.8958486367
198300 -79531.8958486367
198400 -79531.8958486367
198500 -79531.8958486367
198600 -79531.8958486367
198700 -79531.8958486367
198800 -79531.8958486367
198900 -79531.8958486367
199000 -79531.8958486367
199100 -79531.8958486367
199200 -79531.8958486367
199300 -79531.8958486367
199400 -79531.8958486367
199500 -79531.8958486367
199600 -79531.8958486367
199700 -79531.8958486367
199800 -79531.8958486367
199900 -79531.8958486367
200000 -79531.8958486367
# step stress 
200000 -80962.4281404545
200100 -80962.4281404545
200200 -80962.4281404545
200300 -80962.4281404545
200400 -80962.4281404545
200500 -80962.4281404545
200600 -80962.4281404545
200700 -80962.4281404545
200800 -80962.4281404545
200900 -80962.4281404545
201000 -80962.4281404545
201100 -80962.4281404545
201200 -80962.4281404545
201300 -80962.4281404545
201400 -80962.4281404545
201500 -80962.4281404545
201600 -80962.4281404545
201700 -80962.4281404545
201800 -80962.4281404545
201900 -80962.4281404545
202000 -80962.4281404545
202100 -80962.4281404545
202200 -80962.4281404545
202300 -80962.4281404545
202400 -80962.4281404545
202500 -80962.4281404545
202600 -80962.4281404545
202700 -80962.4281404545
202800 -80962.4281404545
202900 -80962.4281404545
203000 -80962.4281404545
203100 -80962.4281404545
203200 -80962.4281404545
203300 -80962.4281404545
203400 -80962.4281404545
203500 -80962.4281404545
203600 -80962.4281404545
203700 -80962.4281404545
203800 -80962.4281404545
203900 -80962.4281404545
204000 -80962.4281404545
204100 -80962.4281404545
204200 -80962.4281404545
204300 -80962.4281404545
204400 -80962.4281404545
204500 -80962.4281404545
204600 -80962.4281404545
204700 -80962.4281404545
204800 -80962.4281404545
204900 -80962.4281404545
205000 -80962.4281404545
# step stress 
205000 -82370.9783902204
205100 -82370.9783902204
205200 -82370.9783902204
205300 -82370.9783902204
205400 -82370.9783902204
205500 -82370.9783902204
205600 -82370.9783902204
205700 -82370.9783902204
205800 -82370.9783902204
205900 -82370.9783902204
206000 -82370.9783902204
206100 -82370.9783902204
206200 -82370.9783902204
206300 -82370.9783902204
206400 -82370.9783902204
206500 -82370.9783902204
206600 -82370.9783902204
206700 -82370.9783902204
206800 -82370.9783902204
206900 -82370.9783902204
207000 -82370.9783902204
207100 -82370.9783902204
207200 -82370.9783902204
207300 -82370.9783902204
207400 -82370.9783902204
207500 -82370.9783902204
207600 -82370.9783902204
207700 -82370.9783902204
207800 -82370.9783902204
207900 -82370.9783902204
208000 -82370.9783902204
208100 -82370.9783902204
208200 -82370.9783902204
208300 -82370.9783902204
208400 -82370.9783902204
208500 -82370.9783902204
208600 -82370.9783902204
208700 -82370.9783902204
208800 -82370.9783902204
208900 -82370.9783902204
209000 -82370.9783902204
209100 -82370.9783902204
209200 -82370.9783902204
209300 -82370.9783902204
209400 -82370.9783902204
209500 -82370.9783902204
209600 -82370.9783902204
209700 -82370.9783902204
209800 -82370.9783902204
209900 -82370.9783902204
210000 -82370.9783902204
# step stress 
210000 -83757.9624181318
210100 -83757.9624181318
210200 -83757.9624181318
210300 -83757.9624181318
210400 -83757.9624181318
210500 -83757.9624181318
210600 -83757.9624181318
210700 -83757.9624181318
210800 -83757.9624181318
210900 -83757.9624181318
211000 -83757.9624181318
211100 -83757.9624181318
211200 -83757.9624181318
211300 -83757.9624181318
211400 -83757.9624181318
211500 -83757.9624181318
211600 -83757.9624181318
211700 -83757.9624181318
211800 -83757.9624181318
211900 -83757.9624181318
212000 -83757.9624181318
212100 -83757.9624181318
212200 -83757.9624181318
212300 -83757.9624181318
212400 -83757.9624181318
212500 -83757.9624181318
212600 -83757.9624181318
212700 -83757.9624181318
212800 -83757.9624181318
212900 -83757.9624181318
213000 -83757.9624181318
213100 -83757.9624181318
213200 -83757.9624181318
213300 -83757.9624181318
213400 -83757.9624181318
213500 -83757.9624181318
213600 -83757.9624181318
213700 -83757.9624181318
213800 -83757.9624181318
213900 -83757.9624181318
214000 -83757.9624181318
214100 -83757.9624181318
214200 -83757.9624181318
214300 -83757.9624181318
214400 -83757.9624181318
214500 -83757.9624181318
214600 -83757.9624181318
214700 -83757.9624181318
214800 -83757.9624181318
214900 -83757.9624181318
215000 -83757.9624181318
# step stress 
215000 -85123.7874052264
215100 -85123.7874052264
215200 -85123.7874052264
215300 -85123.7874052264
215400 -85123.7874052264
215500 -85123.7874052264
215600 -85123.7874052264
215700 -85123.7874052264
215800 -85123.7874052264
215900 -85123.7874052264
216000 -85123.7874052264
216100 -85123.7874052264
216200 -85123.7874052264
216300 -85123.7874052264
216400 -85123.7874052264
216500 -85123.7874052264
216600 -85123.7874052264
216700 -85123.7874052264
216800 -85123.7874052264
216900 -85123.7874052264
217000 -85123.7874052264
217100 -85123.7874052264
217200 -85123.7874052264
217300 -85123.7874052264
217400 -85123.7874052264
217500 -85123.7874052264
217600 -85123.7874052264
217700 -85123.7874052264
217800 -85123.7874052264
217900 -85123.7874052264
218000 -85123.7874052264
218100 -85123.7874052264
218200 -85123.7874052264
218300 -85123.7874052264
218400 -85123.7874052264
218500 -85123.7874052264
218600 -85123.7874052264
218700 -85123.7874052264
218800 -85123.7874052264
218900 -85123.7874052264
219000 -85123.7874052264
219100 -85123.7874052264
219200 -85123.7874052264
219300 -85123.7874052264
219400 -85123.7874052264
219500 -85123.7874052264
219600 -85123.7874052264
219700 -85123.7874052264
219800 -85123.7874052264
219900 -85123.7874052264
220000 -85123.7874052264
# step stress 
220000 -86468.8519830117
220100 -86468.8519830117
220200 -86468.8519830117
220300 -86468.8519830117
220400 -86468.8519830117
220500 -86468.8519830117
220600 -86468.8519830117
220700 -86468.8519830117
220800 -86468.8519830117
220900 -86468.8519830117
221000 -86468.8519830117
221100 -86468.8519830117
221200 -86468.8519830117
221300 -86468.8519830117
221400 -86468.8519830117
221500 -86468.8519830117
221600 -86468.8519830117
221700 -86468.8519830117
221800 -86468.8519830117
221900 -86468.8519830117
222000 -86468.8519830117
222100 -86468.8519830117
222200 -86468.8519830117
222300 -86468.8519830117
222400 -86468.8519830117
222500 -86468.8519830117
222600 -86468.8519830117
222700 -86468.8519830117
222800 -86468.8519830117
222900 -86468.8519830117
223000 -86468.8519830117
223100 -86468.8519830117
223200 -86468.8519830117
223300 -86468.8519830117
223400 -86468.8519830117
223500 -86468.8519830117
223600 -86468.8519830117
223700 -86468.8519830117
223800 -86468.8519830117
223900 -86468.8519830117
224000 -86468.8519830117
224100 -86468.8519830117
224200 -86468.8519830117
224300 -86468.8519830117
224400 -86468.8519830117
224500 -86468.8519830117
224600 -86468.8519830117
224700 -86468.8519830117
224800 -86468.8519830117
224900 -86468.8519830117
225000 -86468.8519830117
# step stress 
225000 -87793.5463224258
225100 -87793.5463224258
225200 -87793.5463224258
225300 -87793.5463224258
225400 -87793.5463224258
225500 -87793.5463224258
225600 -87793.5463224258
225700 -87793.5463224258
225800 -87793.5463224258
225900 -87793.5463224258
226000 -87793.5463224258
226100 -87793.5463224258
226200 -87793.5463224258
226300 -87793.5463224258
226400 -87793.5463224258
226500 -87793.5463224258
226600 -87793.5463224258
226700 -87793.5463224258
226800 -87793.5463224258
226900 -87793.5463224258
227000 -87793.5463224258
227100 -87793.5463224258
227200 -87793.5463224258
227300 -87793.5463224258
227400 -87793.5463224258
227500 -87793.5463224258
227600 -87793.5463224258
227700 -87793.5463224258
227800 -87793.5463224258
227900 -87793.5463224258
228000 -87793.5463224258
228100 -87793.5463224258
228200 -87793.5463224258
228300 -87793.5463224258
228400 -87793.5463224258
228500 -87793.5463224258
228600 -87793.5463224258
228700 -87793.5463224258
228800 -87793.5463224258
228900 -87793.5463224258
229000 -87793.5463224258
229100 -87793.5463224258
229200 -87793.5463224258
229300 -87793.5463224258
229400 -87793.5463224258
229500 -87793.5463224258
229600 -87793.5463224258
229700 -87793.5463224258
229800 -87793.5463224258
229900 -87793.5463224258
230000 -87793.5463224258
# step stress 
230000 -89098.2522221228
230100 -89098.2522221228
230200 -89098.2522221228
230300 -89098.2522221228
230400 -89098.2522221228
230500 -89098.2522221228
230600 -89098.2522221228
230700 -89098.2522221228
230800 -89098.2522221228
230900 -89098.2522221228
231000 -89098.2522221228
231100 -89098.2522221228
231200 -89098.2522221228
231300 -89098.2522221228
231400 -89098.2522221228
231500 -89098.2522221228
231600 -89098.2522221228
231700 -89098.2522221228
231800 -89098.2522221228
231900 -89098.2522221228
232000 -89098.2522221228
232100 -89098.2522221228
232200 -89098.2522221228
232300 -89098.2522221228
232400 -89098.2522221228
232500 -89098.2522221228
232600 -89098.2522221228
232700 -89098.2522221228
232800 -89098.2522221228
232900 -89098.2522221228
233000 -89098.2522221228
233100 -89098.2522221228
233200 -89098.2522221228
233300 -89098.2522221228
233400 -89098.2522221228
233500 -89098.2522221228
233600 -89098.2522221228
233700 -89098.2522221228
233800 -89098.2522221228
233900 -89098.2522221228
234000 -89098.2522221228
234100 -89098.2522221228
234200 -89098.2522221228
234300 -89098.2522221228
234400 -89098.2522221228
234500 -89098.2522221228
234600 -89098.2522221228
234700 -89098.2522221228
234800 -89098.2522221228
234900 -89098.2522221228
235000 -89098.2522221228
# step stress 
235000 -90383.3431960804
235100 -90383.3431960804
235200 -90383.3431960804
235300 -90383.3431960804
235400 -90383.3431960804
235500 -90383.3431960804
235600 -90383.3431960804
235700 -90383.3431960804
235800 -90383.3431960804
235900 -90383.3431960804
236000 -90383.3431960804
236100 -90383.3431960804
236200 -90383.3431960804
236300 -90383.3431960804
236400 -90383.3431960804
236500 -90383.3431960804
236600 -90383.3431960804
236700 -90383.3431960804
236800 -90383.3431960804
236900 -90383.3431960804
237000 -90383.3431960804
237100 -90383.3431960804
237200 -90383.3431960804
237300 -90383.3431960804
237400 -90383.3431960804
237500 -90383.3431960804
237600 -90383.3431960804
237700 -90383.3431960804
237800 -90383.3431960804
237900 -90383.3431960804
238000 -90383.3431960804
238100 -90383.3431960804
238200 -90383.3431960804
238300 -90383.3431960804
238400 -90383.3431960804
238500 -90383.3431960804
238600 -90383.3431960804
238700 -90383.3431960804
238800 -90383.3431960804
238900 -90383.3431960804
239000 -90383.3431960804
239100 -90383.3431960804
239200 -90383.3431960804
239300 -90383.3431960804
239400 -90383.3431960804
239500 -90383.3431960804
239600 -90383.3431960804
239700 -90383.3431960804
239800 -90383.3431960804
239900 -90383.3431960804
240000 -90383.3431960804
# step stress 
240000 -91649.1845605278
240100 -91649.1845605278
240200 -91649.1845605278
240300 -91649.1845605278
240400 -91649.1845605278
240500 -91649.1845605278
240600 -91649.1845605278
240700 -91649.1845605278
240800 -91649.1845605278
240900 -91649.1845605278
241000 -91649.1845605278
241100 -91649.1845605278
241200 -91649.1845605278
241300 -91649.1845605278
241400 -91649.1845605278
241500 -91649.1845605278
241600 -91649.1845605278
241700 -91649.1845605278
241800 -91649.1845605278
241900 -91649.1845605278
242000 -91649.1845605278
242100 -91649.1845605278
242200 -91649.1845605278
242300 -91649.1845605278
242400 -91649.1845605278
242500 -91649.1845605278
242600 -91649.1845605278
242700 -91649.1845605278
242800 -91649.1845605278
242900 -91649.1845605278
243000 -91649.1845605278
243100 -91649.1845605278
243200 -91649.1845605278
243300 -91649.1845605278
243400 -91649.1845605278
243500 -91649.1845605278
243600 -91649.1845605278
243700 -91649.1845605278
243800 -91649.1845605278
243900 -91649.1845605278
244000 -91649.1845605278
244100 -91649.1845605278
244200 -91649.1845605278
244300 -91649.1845605278
244400 -91649.1845605278
244500 -91649.1845605278
244600 -91649.1845605278
244700 -91649.1845605278
244800 -91649.1845605278
244900 -91649.1845605278
245000 -91649.1845605278
# step stress 
245000 -92896.1335201892
245100 -92896.1335201892
245200 -92896.1335201892
245300 -92896.1335201892
245400 -92896.1335201892
245500 -92896.1335201892
245600 -92896.1335201892
245700 -92896.1335201892
245800 -92896.1335201892
245900 -92896.1335201892
246000 -92896.1335201892
246100 -92896.1335201892
246200 -92896.1335201892
246300 -92896.1335201892
246400 -92896.1335201892
246500 -92896.1335201892
246600 -92896.1335201892
246700 -92896.1335201892
246800 -92896.1335201892
246900 -92896.1335201892
247000 -92896.1335201892
247100 -92896.1335201892
247200 -92896.1335201892
247300 -92896.1335201892
247400 -92896.1335201892
247500 -92896.1335201892
247600 -92896.1335201892
247700 -92896.1335201892
247800 -92896.1335201892
247900 -92896.1335201892
248000 -92896.1335201892
248100 -92896.1335201892
248200 -92896.1335201892
248300 -92896.1335201892
248400 -92896.1335201892
248500 -92896.1335201892
248600 -92896.1335201892
248700 -92896.1335201892
248800 -92896.1335201892
248900 -92896.1335201892
249000 -92896.1335201892
249100 -92896.1335201892
249200 -92896.1335201892
249300 -92896.1335201892
249400 -92896.1335201892
249500 -92896.1335201892
249600 -92896.1335201892
249700 -92896.1335201892
249800 -92896.1335201892
249900 -92896.1335201892
250000 -92896.1335201892
# step stress 
0 -1104.64498921562
# step stress 
100 -3819.55725519632
# step stress 
100 -6488.51545052189
# step stress 
200 -9112.33760617584
# step stress 
200 -11691.8406238853
# step stress 
300 -14227.8288820754
# step stress 
300 -16721.0943523959
# step stress 
400 -19172.4167130927
# step stress 
400 -21582.5634616947
# step stress 
500 -23952.2900270249
# step stress 
500 -26282.3398805459
# step stress 
600 -28573.4446470442
# step stress 
600 -30826.3242146631
# step stress 
700 -33041.6868442868
# step stress 
700 -35220.2292782827
# step stress 
800 -37362.636848606
# step stress 
800 -39469.5835842684
# step stress 
900 -41541.7323181781
# step stress 
900 -43579.7347933497
# step stress 
1000 -45584.2317684874
# step stress 
1000 -47555.8531229447
# step stress 
1100 -49495.2179610602
# step stress 
1100 -51402.9347158698
# step stress 
1200 -53279.6012521972
# step stress 
1200 -55125.8049691213
# step stress 
1300 -56942.1229018213
# step stress 
1300 -58729.1218227972
# step stress 
1400 -60487.3583424668
# step stress 
1400 -62217.3790091356
# step stress 
1500 -63919.7204083401
# step stress 
1500 -65594.9092615607
# step stress 
1600 -67243.4625243049
# step stress 
1600 -68865.8874835552
# step stress 
1700 -70462.681854583
# step stress 
1700 -72034.3338771221
# step stress 
1800 -73581.3224109034
# step stress 
1800 -75104.1170305436
# step stress 
1900 -76603.178119789
# step stress 
1900 -78078.9569651088
# step stress 
2000 -79531.8958486367
# step stress 
2000 -80962.4281404545
# step stress 
2100 -82370.9783902204
# step stress 
2100 -83757.9624181318
# step stress 
2200 -85123.7874052264
# step stress 
2200 -86468.8519830117
# step stress 
2300 -87793.5463224258
# step stress 
2300 -89098.2522221228
# step stress 
2400 -90383.3431960804
# step stress 
2400 -91649.1845605278
# step stress 
2500 -92896.1335201892
# step stress 
0 -3524.69988660913
# step stress 
100 -8911.91552368022
# step stress 
100 -14257.9587153936
# step stress 
200 -19562.6763076795
# step stress 
200 -24825.9388673402
# step stress 
300 -30047.6294353554
# step stress 
300 -35227.6434050528
# step stress 
400 -40365.8883908072
# step stress 
400 -45462.2840944623
# step stress 
500 -50516.7621695245
# step stress 
500 -55529.2660831753
# step stress 
600 -60499.750976144
# step stress 
600 -65428.1835204923
# step stress 
700 -70314.5417753459
# step stress 
700 -75158.8150406216
# step stress 
800 -79961.0037087895
# step stress 
800 -84721.1191147098
# step stress 
900 -89439.1833835884
# step stress 
900 -94115.2292770862
# step stress 
1000 -98749.3000376219
# step stress 
1000 -103341.449230907
# step stress 
1100 -107891.740586748
# step stress 
1100 -112400.247838154
# step stress 
1200 -116867.054558776
# step stress 
1200 -121292.253998726
# step stress 
1300 -125675.9489188
# step stress 
1300 -130018.251423127
# step stress 
1400 -134319.282790301
# step stress 
1400 -138579.173303002
# step stress 
1500 -142798.062076145
# step stress 
1500 -146976.096883585
# step stress 
1600 -151113.433983408
# step stress 
1600 -155210.237941825
# step stress 
1700 -159266.681455707
# step stress 
1700 -163282.945173773
# step stress 
1800 -167259.217516468
# step stress 
1800 -171195.694494539
# step stress 
1900 -175092.579526347
# step stress 
1900 -178950.08325392
# step stress 
2000 -182768.423357779
# step stress 
2000 -186547.824370548
# step stress 
2100 -190288.517489377
# step stress 
2100 -193990.740387181
# step stress 
2200 -197654.73702272
# step stress 
2200 -201280.757449543
# step stress 
2300 -204869.05762379
# step stress 
2300 -208419.899210886
# step stress 
2400 -211933.549391138
# step stress 
2400 -215410.280664226
# step stress 
2500 -218850.370652634
# step stress 
0 -3524.69988660913
# step stress 
100 -8911.91552368022
# step stress 
100 -14257.9587153936
# step stress 
200 -19562.6763076795
# step stress 
200 -24825.9388673402
# step stress 
300 -30047.6294353554
# step stress 
300 -35227.6434050528
# step stress 
400 -40365.8883908072
# step stress 
400 -45462.2840944623
# step stress 
500 -50516.7621695245
# step stress 
500 -55529.2660831753
# step stress 
600 -60499.750976144
# step stress 
600 -65428.1835204923
# step stress 
700 -70314.5417753459
# step stress 
700 -75158.8150406216
# step stress 
800 -79961.0037087895
# step stress 
800 -84721.1191147098
# step stress 
900 -89439.1833835884
# step stress 
900 -94115.2292770862
# step stress 
1000 -98749.3000376219
# step stress 
1000 -103341.449230907
# step stress 
1100 -107891.740586748
# step stress 
1100 -112400.247838154
# step stress 
1200 -116867.054558776
# step stress 
1200 -121292.253998726
# step stress 
1300 -125675.9489188
# step stress 
1300 -130018.251423127
# step stress 
1400 -134319.282790301
# step stress 
1400 -138579.173303002
# step stress 
1500 -142798.062076145
# step stress 
1500 -146976.096883585
# step stress 
1600 -151113.433983408
# step stress 
1600 -155210.237941825
# step stress 
1700 -159266.681455707
# step stress 
1700 -163282.945173773
# step stress 
1800 -167259.217516468
# step stress 
1800 -171195.694494539
# step stress 
1900 -175092.579526347
# step stress 
1900 -178950.08325392
# step stress 
2000 -182768.423357779
# step stress 
2000 -186547.824370548
# step stress 
2100 -190288.517489377
# step stress 
2100 -193990.740387181
# step stress 
2200 -197654.73702272
# step stress 
2200 -201280.757449543
# step stress 
2300 -204869.05762379
# step stress 
2300 -208419.899210886
# step stress 
2400 -211933.549391138
# step stress 
2400 -215410.280664226
# step stress 
2500 -218850.370652634
# step stress 
0 -3524.69988660913
# step stress 
100 -8911.91552368022
# step stress 
100 -14257.9587153936
# step stress 
200 -19562.6763076795
# step stress 
200 -24825.9388673402
# step stress 
300 -30047.6294353554
# step stress 
300 -35227.6434050528
# step stress 
400 -40365.8883908072
# step stress 
400 -45462.2840944623
# step stress 
500 -50516.7621695245
# step stress 
500 -55529.2660831753
# step stress 
600 -60499.750976144
# step stress 
600 -65428.1835204923
# step stress 
700 -70314.5417753459
# step stress 
700 -75158.8150406216
# step stress 
800 -79961.0037087895
# step stress 
800 -84721.1191147098
# step stress 
900 -89439.1833835884
# step stress 
900 -94115.2292770862
# step stress 
1000 -98749.3000376219
# step stress 
1000 -103341.449230907
# step stress 
1100 -107891.740586748
# step stress 
1100 -112400.247838154
# step stress 
1200 -116867.054558776
# step stress 
1200 -121292.253998726
# step stress 
1300 -125675.9489188
# step stress 
1300 -130018.251423127
# step stress 
1400 -134319.282790301
# step stress 
1400 -138579.173303002
# step stress 
1500 -142798.062076145
# step stress 
1500 -146976.096883585
# step stress 
1600 -151113.433983408
# step stress 
1600 -155210.237941825
# step stress 
1700 -159266.681455707
# step stress 
1700 -163282.945173773
# step stress 
1800 -167259.217516468
# step stress 
1800 -171195.694494539
# step stress 
1900 -175092.579526347
# step stress 
1900 -178950.08325392
# step stress 
2000 -182768.423357779
# step stress 
2000 -186547.824370548
# step stress 
2100 -190288.517489377
# step stress 
2100 -193990.740387181
# step stress 
2200 -197654.73702272
# step stress 
2200 -201280.757449543
# step stress 
2300 -204869.05762379
# step stress 
2300 -208419.899210886
# step stress 
2400 -211933.549391138
# step stress 
2400 -215410.280664226
# step stress 
2500 -218850.370652634
